  pch.cpp
  Burnable.cpp
Burnable.cpp(19): warning C4244: 'argument': conversion from 'time_t' to 'unsigned int', possible loss of data
  Camera.cpp
  C:\Program Files (x86)\Windows Kits\8.1\Include\um\dinput.h: DIRECTINPUT_VERSION undefined. Defaulting to version 0x0800
  Game.cpp
  C:\Program Files (x86)\Windows Kits\8.1\Include\um\dinput.h: DIRECTINPUT_VERSION undefined. Defaulting to version 0x0800
  GameObject.cpp
  C:\Program Files (x86)\Windows Kits\8.1\Include\um\dinput.h: DIRECTINPUT_VERSION undefined. Defaulting to version 0x0800
  Main.cpp
  C:\Program Files (x86)\Windows Kits\8.1\Include\um\dinput.h: DIRECTINPUT_VERSION undefined. Defaulting to version 0x0800
  VortexCube.cpp
VortexCube.cpp(10): warning C4244: '=': conversion from 'int' to 'float', possible loss of data
VortexCube.cpp(13): warning C4244: '=': conversion from 'int' to 'float', possible loss of data
VortexCube.cpp(28): warning C4244: 'argument': conversion from 'int' to 'float', possible loss of data
     Creating library D:\CTP_FireSimulation\x64\Release\DXTK.lib and object D:\CTP_FireSimulation\x64\Release\DXTK.exp
  Generating code
  385 of 386 functions (99.7%) were compiled, the rest were copied from previous compilation.
    6 functions were new in current compilation
    0 functions had inline decision re-evaluated but remain unchanged
  Finished generating code
  DXTK.vcxproj -> D:\CTP_FireSimulation\x64\Release\DXTK.exe
